<?xml version="1.0" encoding="UTF-8"?>
<!-- Generated by org.testng.reporters.JUnitXMLReporter -->
<testsuite hostname="PC-201704071546" ignored="5" name="purchase" tests="4" failures="0" timestamp="03 五月 2017 03:34:21 GMT" time="44.562" errors="0">
  <testcase name="loginSuccessFunction" time="5.853" classname="com.acsm.test.testcases.login.LoginSuccessFunction_Test"/>
  <testcase name="enterDigitalCard" time="8.162" classname="com.acsm.test.testcases.digitalcard.EnterDigitalCard_Test"/>
  <testcase name="waitPageLoaded" time="8.038" classname="com.acsm.test.testcases.digitalcard.digitalcardedit.DigitalCardEdit_Test"/>
  <testcase name="digitalCardSearch" time="15.457" classname="com.acsm.test.testcases.digitalcard.digitalcardedit.DigitalCardEdit_Test"/>
  <testcase name="@BeforeTest startTest" time="0.0" classname="com.acsm.test.base.BaseParpare">
    <ignored/>
  </testcase> <!-- @BeforeTest startTest -->
  <testcase name="@BeforeTest startTest" time="0.0" classname="com.acsm.test.base.BaseParpare">
    <ignored/>
  </testcase> <!-- @BeforeTest startTest -->
  <testcase name="selectBase" time="0.0" classname="com.acsm.test.testcases.digitalcard.EnterDigitalCard_Test">
    <ignored/>
  </testcase> <!-- selectBase -->
  <testcase name="@AfterTest endTest" time="0.0" classname="com.acsm.test.base.BaseParpare">
    <ignored/>
  </testcase> <!-- @AfterTest endTest -->
  <testcase name="@AfterTest endTest" time="0.0" classname="com.acsm.test.base.BaseParpare">
    <ignored/>
  </testcase> <!-- @AfterTest endTest -->
</testsuite> <!-- purchase -->
